<?xml version="1.0" encoding="UTF-8"?>
<testng-results skipped="0" failed="0" total="1" passed="1">
  <reporter-output>
  </reporter-output>
  <suite name="Default suite" duration-ms="6011" started-at="2023-01-19T10:29:51Z" finished-at="2023-01-19T10:29:57Z">
    <groups>
    </groups>
    <test name="Default test" duration-ms="6011" started-at="2023-01-19T10:29:51Z" finished-at="2023-01-19T10:29:57Z">
      <class name="com.qa.rest.test.DeletecallBDD">
        <test-method status="PASS" signature="DeleteEmployeeRecord()[pri:0, instance:com.qa.rest.test.DeletecallBDD@6debcae2]" name="DeleteEmployeeRecord" duration-ms="5949" started-at="2023-01-19T15:59:51Z" finished-at="2023-01-19T15:59:57Z">
          <reporter-output>
          </reporter-output>
        </test-method> <!-- DeleteEmployeeRecord -->
      </class> <!-- com.qa.rest.test.DeletecallBDD -->
    </test> <!-- Default test -->
  </suite> <!-- Default suite -->
</testng-results>
